07, 01, 2017 (19:46:56): Opening rpy file C:\Program Files (x86)\IBM\Rational\Rhapsody Modeler\7.5\Share\Properties\PredefinedTypes.sbs
07, 01, 2017 (19:46:56): 
 Started loading C:\Program Files (x86)\IBM\Rational\Rhapsody Modeler\7.5\Share\Properties\PredefinedTypes.sbs on Saturday, July 01, 2017 (19:46:56).-

07, 01, 2017 (19:46:56): 

Starting inUnit resolution phase


07, 01, 2017 (19:46:56): 

Finished inUnit resolution phase


07, 01, 2017 (19:46:56): 
 Finished loading C:\Program Files (x86)\IBM\Rational\Rhapsody Modeler\7.5\Share\Properties\PredefinedTypes.sbs on Saturday, July 01, 2017 (19:46:56).-

07, 01, 2017 (19:46:56): Opening rpy file C:\Program Files (x86)\IBM\Rational\Rhapsody Modeler\7.5\Share\Properties\PredefinedTypesC++.sbs
07, 01, 2017 (19:46:56): 
 Started loading C:\Program Files (x86)\IBM\Rational\Rhapsody Modeler\7.5\Share\Properties\PredefinedTypesC++.sbs on Saturday, July 01, 2017 (19:46:56).-

07, 01, 2017 (19:46:56): 

Starting inUnit resolution phase


07, 01, 2017 (19:46:56): 

Finished inUnit resolution phase


07, 01, 2017 (19:46:56): 
 Finished loading C:\Program Files (x86)\IBM\Rational\Rhapsody Modeler\7.5\Share\Properties\PredefinedTypesC++.sbs on Saturday, July 01, 2017 (19:46:56).-

07, 01, 2017 (19:46:56): Opening rpy file C:\Users\Guilherme\Desktop\ES670_Paulo_Guilherme\Embarcados\Modelo_etapa2\ES670_Guilherme_Paulo.rpy
07, 01, 2017 (19:46:56): 
 Started loading C:\Users\Guilherme\Desktop\ES670_Paulo_Guilherme\Embarcados\Modelo_etapa2\ES670_Guilherme_Paulo.rpy on Saturday, July 01, 2017 (19:46:56).-

07, 01, 2017 (19:46:56): Opening rpy file C:\Users\Guilherme\Desktop\ES670_Paulo_Guilherme\Embarcados\Modelo_etapa2\ES670_Guilherme_Paulo_rpy\RequirementsPkg.sbs
07, 01, 2017 (19:46:56): 
 Started loading C:\Users\Guilherme\Desktop\ES670_Paulo_Guilherme\Embarcados\Modelo_etapa2\ES670_Guilherme_Paulo_rpy\RequirementsPkg.sbs on Saturday, July 01, 2017 (19:46:56).-

07, 01, 2017 (19:46:56): 

Starting inUnit resolution phase


07, 01, 2017 (19:46:56): 

Finished inUnit resolution phase


07, 01, 2017 (19:46:56): 
 Finished loading C:\Users\Guilherme\Desktop\ES670_Paulo_Guilherme\Embarcados\Modelo_etapa2\ES670_Guilherme_Paulo_rpy\RequirementsPkg.sbs on Saturday, July 01, 2017 (19:46:56).-

07, 01, 2017 (19:46:56): Opening rpy file C:\Users\Guilherme\Desktop\ES670_Paulo_Guilherme\Embarcados\Modelo_etapa2\ES670_Guilherme_Paulo_rpy\ArchitecturePkg.sbs
07, 01, 2017 (19:46:56): 
 Started loading C:\Users\Guilherme\Desktop\ES670_Paulo_Guilherme\Embarcados\Modelo_etapa2\ES670_Guilherme_Paulo_rpy\ArchitecturePkg.sbs on Saturday, July 01, 2017 (19:46:56).-

07, 01, 2017 (19:46:56): 

Starting inUnit resolution phase


07, 01, 2017 (19:46:56): 

Finished inUnit resolution phase


07, 01, 2017 (19:46:56): 
 Finished loading C:\Users\Guilherme\Desktop\ES670_Paulo_Guilherme\Embarcados\Modelo_etapa2\ES670_Guilherme_Paulo_rpy\ArchitecturePkg.sbs on Saturday, July 01, 2017 (19:46:56).-

07, 01, 2017 (19:46:56): Opening rpy file C:\Users\Guilherme\Desktop\ES670_Paulo_Guilherme\Embarcados\Modelo_etapa2\ES670_Guilherme_Paulo_rpy\SubsystemsPkg.sbs
07, 01, 2017 (19:46:56): 
 Started loading C:\Users\Guilherme\Desktop\ES670_Paulo_Guilherme\Embarcados\Modelo_etapa2\ES670_Guilherme_Paulo_rpy\SubsystemsPkg.sbs on Saturday, July 01, 2017 (19:46:56).-

07, 01, 2017 (19:46:56): 

Starting inUnit resolution phase


07, 01, 2017 (19:46:56): 

Finished inUnit resolution phase


07, 01, 2017 (19:46:56): 
 Finished loading C:\Users\Guilherme\Desktop\ES670_Paulo_Guilherme\Embarcados\Modelo_etapa2\ES670_Guilherme_Paulo_rpy\SubsystemsPkg.sbs on Saturday, July 01, 2017 (19:46:56).-

07, 01, 2017 (19:46:56): Opening rpy file C:\Users\Guilherme\Desktop\ES670_Paulo_Guilherme\Embarcados\Modelo_etapa2\ES670_Guilherme_Paulo_rpy\AnalysisPkg.sbs
07, 01, 2017 (19:46:56): 
 Started loading C:\Users\Guilherme\Desktop\ES670_Paulo_Guilherme\Embarcados\Modelo_etapa2\ES670_Guilherme_Paulo_rpy\AnalysisPkg.sbs on Saturday, July 01, 2017 (19:46:56).-

07, 01, 2017 (19:46:56): 

Starting inUnit resolution phase


07, 01, 2017 (19:46:56): 

Finished inUnit resolution phase


07, 01, 2017 (19:46:56): 
 Finished loading C:\Users\Guilherme\Desktop\ES670_Paulo_Guilherme\Embarcados\Modelo_etapa2\ES670_Guilherme_Paulo_rpy\AnalysisPkg.sbs on Saturday, July 01, 2017 (19:46:56).-

07, 01, 2017 (19:46:56): Opening rpy file C:\Users\Guilherme\Desktop\ES670_Paulo_Guilherme\Embarcados\Modelo_etapa2\ES670_Guilherme_Paulo_rpy\Main.sbs
07, 01, 2017 (19:46:56): 
 Started loading C:\Users\Guilherme\Desktop\ES670_Paulo_Guilherme\Embarcados\Modelo_etapa2\ES670_Guilherme_Paulo_rpy\Main.sbs on Saturday, July 01, 2017 (19:46:56).-

07, 01, 2017 (19:46:56): 

Starting inUnit resolution phase


07, 01, 2017 (19:46:56): 

Finished inUnit resolution phase


07, 01, 2017 (19:46:56): 
 Finished loading C:\Users\Guilherme\Desktop\ES670_Paulo_Guilherme\Embarcados\Modelo_etapa2\ES670_Guilherme_Paulo_rpy\Main.sbs on Saturday, July 01, 2017 (19:46:56).-

07, 01, 2017 (19:46:56): Opening rpy file C:\Users\Guilherme\Desktop\ES670_Paulo_Guilherme\Embarcados\Modelo_etapa2\ES670_Guilherme_Paulo_rpy\LedSwi.sbs
07, 01, 2017 (19:46:56): 
 Started loading C:\Users\Guilherme\Desktop\ES670_Paulo_Guilherme\Embarcados\Modelo_etapa2\ES670_Guilherme_Paulo_rpy\LedSwi.sbs on Saturday, July 01, 2017 (19:46:56).-

07, 01, 2017 (19:46:56): 

Starting inUnit resolution phase


07, 01, 2017 (19:46:56): 

Finished inUnit resolution phase


07, 01, 2017 (19:46:56): 
 Finished loading C:\Users\Guilherme\Desktop\ES670_Paulo_Guilherme\Embarcados\Modelo_etapa2\ES670_Guilherme_Paulo_rpy\LedSwi.sbs on Saturday, July 01, 2017 (19:46:56).-

07, 01, 2017 (19:46:56): Opening rpy file C:\Users\Guilherme\Desktop\ES670_Paulo_Guilherme\Embarcados\Modelo_etapa2\ES670_Guilherme_Paulo_rpy\Util.sbs
07, 01, 2017 (19:46:56): 
 Started loading C:\Users\Guilherme\Desktop\ES670_Paulo_Guilherme\Embarcados\Modelo_etapa2\ES670_Guilherme_Paulo_rpy\Util.sbs on Saturday, July 01, 2017 (19:46:56).-

07, 01, 2017 (19:46:56): 

Starting inUnit resolution phase


07, 01, 2017 (19:46:56): 

Finished inUnit resolution phase


07, 01, 2017 (19:46:56): 
 Finished loading C:\Users\Guilherme\Desktop\ES670_Paulo_Guilherme\Embarcados\Modelo_etapa2\ES670_Guilherme_Paulo_rpy\Util.sbs on Saturday, July 01, 2017 (19:46:56).-

07, 01, 2017 (19:46:56): Opening rpy file C:\Users\Guilherme\Desktop\ES670_Paulo_Guilherme\Embarcados\Modelo_etapa2\ES670_Guilherme_Paulo_rpy\Buzzer.sbs
07, 01, 2017 (19:46:56): 
 Started loading C:\Users\Guilherme\Desktop\ES670_Paulo_Guilherme\Embarcados\Modelo_etapa2\ES670_Guilherme_Paulo_rpy\Buzzer.sbs on Saturday, July 01, 2017 (19:46:56).-

07, 01, 2017 (19:46:56): 

Starting inUnit resolution phase


07, 01, 2017 (19:46:56): 

Finished inUnit resolution phase


07, 01, 2017 (19:46:56): 
 Finished loading C:\Users\Guilherme\Desktop\ES670_Paulo_Guilherme\Embarcados\Modelo_etapa2\ES670_Guilherme_Paulo_rpy\Buzzer.sbs on Saturday, July 01, 2017 (19:46:56).-

07, 01, 2017 (19:46:56): Opening rpy file C:\Users\Guilherme\Desktop\ES670_Paulo_Guilherme\Embarcados\Modelo_etapa2\ES670_Guilherme_Paulo_rpy\Projeto.sbs
07, 01, 2017 (19:46:56): 
 Started loading C:\Users\Guilherme\Desktop\ES670_Paulo_Guilherme\Embarcados\Modelo_etapa2\ES670_Guilherme_Paulo_rpy\Projeto.sbs on Saturday, July 01, 2017 (19:46:56).-

07, 01, 2017 (19:46:56): 

Starting inUnit resolution phase


07, 01, 2017 (19:46:56): 

Finished inUnit resolution phase


07, 01, 2017 (19:46:56): 
 Finished loading C:\Users\Guilherme\Desktop\ES670_Paulo_Guilherme\Embarcados\Modelo_etapa2\ES670_Guilherme_Paulo_rpy\Projeto.sbs on Saturday, July 01, 2017 (19:46:56).-

07, 01, 2017 (19:46:56): Opening rpy file C:\Users\Guilherme\Desktop\ES670_Paulo_Guilherme\Embarcados\Modelo_etapa2\ES670_Guilherme_Paulo_rpy\Display7Seg.sbs
07, 01, 2017 (19:46:56): 
 Started loading C:\Users\Guilherme\Desktop\ES670_Paulo_Guilherme\Embarcados\Modelo_etapa2\ES670_Guilherme_Paulo_rpy\Display7Seg.sbs on Saturday, July 01, 2017 (19:46:56).-

07, 01, 2017 (19:46:56): 

Starting inUnit resolution phase


07, 01, 2017 (19:46:56): 

Finished inUnit resolution phase


07, 01, 2017 (19:46:56): 
 Finished loading C:\Users\Guilherme\Desktop\ES670_Paulo_Guilherme\Embarcados\Modelo_etapa2\ES670_Guilherme_Paulo_rpy\Display7Seg.sbs on Saturday, July 01, 2017 (19:46:56).-

07, 01, 2017 (19:46:56): Opening rpy file C:\Users\Guilherme\Desktop\ES670_Paulo_Guilherme\Embarcados\Modelo_etapa2\ES670_Guilherme_Paulo_rpy\Cmdmachine.sbs
07, 01, 2017 (19:46:56): 
 Started loading C:\Users\Guilherme\Desktop\ES670_Paulo_Guilherme\Embarcados\Modelo_etapa2\ES670_Guilherme_Paulo_rpy\Cmdmachine.sbs on Saturday, July 01, 2017 (19:46:56).-

07, 01, 2017 (19:46:56): 

Starting inUnit resolution phase


07, 01, 2017 (19:46:56): 

Finished inUnit resolution phase


07, 01, 2017 (19:46:56): 
 Finished loading C:\Users\Guilherme\Desktop\ES670_Paulo_Guilherme\Embarcados\Modelo_etapa2\ES670_Guilherme_Paulo_rpy\Cmdmachine.sbs on Saturday, July 01, 2017 (19:46:56).-

07, 01, 2017 (19:46:56): Opening rpy file C:\Users\Guilherme\Desktop\ES670_Paulo_Guilherme\Embarcados\Modelo_etapa2\ES670_Guilherme_Paulo_rpy\Serial.sbs
07, 01, 2017 (19:46:56): 
 Started loading C:\Users\Guilherme\Desktop\ES670_Paulo_Guilherme\Embarcados\Modelo_etapa2\ES670_Guilherme_Paulo_rpy\Serial.sbs on Saturday, July 01, 2017 (19:46:56).-

07, 01, 2017 (19:46:56): 

Starting inUnit resolution phase


07, 01, 2017 (19:46:56): 

Finished inUnit resolution phase


07, 01, 2017 (19:46:56): 
 Finished loading C:\Users\Guilherme\Desktop\ES670_Paulo_Guilherme\Embarcados\Modelo_etapa2\ES670_Guilherme_Paulo_rpy\Serial.sbs on Saturday, July 01, 2017 (19:46:56).-

07, 01, 2017 (19:46:56): Opening rpy file C:\Users\Guilherme\Desktop\ES670_Paulo_Guilherme\Embarcados\Modelo_etapa2\ES670_Guilherme_Paulo_rpy\Lcd.sbs
07, 01, 2017 (19:46:56): 
 Started loading C:\Users\Guilherme\Desktop\ES670_Paulo_Guilherme\Embarcados\Modelo_etapa2\ES670_Guilherme_Paulo_rpy\Lcd.sbs on Saturday, July 01, 2017 (19:46:56).-

07, 01, 2017 (19:46:56): 

Starting inUnit resolution phase


07, 01, 2017 (19:46:56): 

Finished inUnit resolution phase


07, 01, 2017 (19:46:56): 
 Finished loading C:\Users\Guilherme\Desktop\ES670_Paulo_Guilherme\Embarcados\Modelo_etapa2\ES670_Guilherme_Paulo_rpy\Lcd.sbs on Saturday, July 01, 2017 (19:46:56).-

07, 01, 2017 (19:46:56): Opening rpy file C:\Users\Guilherme\Desktop\ES670_Paulo_Guilherme\Embarcados\Modelo_etapa2\ES670_Guilherme_Paulo_rpy\KL25Z.sbs
07, 01, 2017 (19:46:56): 
 Started loading C:\Users\Guilherme\Desktop\ES670_Paulo_Guilherme\Embarcados\Modelo_etapa2\ES670_Guilherme_Paulo_rpy\KL25Z.sbs on Saturday, July 01, 2017 (19:46:56).-

07, 01, 2017 (19:46:56): 

Starting inUnit resolution phase


07, 01, 2017 (19:46:56): 

Finished inUnit resolution phase


07, 01, 2017 (19:46:56): 
 Finished loading C:\Users\Guilherme\Desktop\ES670_Paulo_Guilherme\Embarcados\Modelo_etapa2\ES670_Guilherme_Paulo_rpy\KL25Z.sbs on Saturday, July 01, 2017 (19:46:56).-

07, 01, 2017 (19:46:56): Opening rpy file C:\Users\Guilherme\Desktop\ES670_Paulo_Guilherme\Embarcados\Modelo_etapa2\ES670_Guilherme_Paulo_rpy\Tachometer.sbs
07, 01, 2017 (19:46:56): 
 Started loading C:\Users\Guilherme\Desktop\ES670_Paulo_Guilherme\Embarcados\Modelo_etapa2\ES670_Guilherme_Paulo_rpy\Tachometer.sbs on Saturday, July 01, 2017 (19:46:56).-

07, 01, 2017 (19:46:56): 

Starting inUnit resolution phase


07, 01, 2017 (19:46:56): 

Finished inUnit resolution phase


07, 01, 2017 (19:46:56): 
 Finished loading C:\Users\Guilherme\Desktop\ES670_Paulo_Guilherme\Embarcados\Modelo_etapa2\ES670_Guilherme_Paulo_rpy\Tachometer.sbs on Saturday, July 01, 2017 (19:46:56).-

07, 01, 2017 (19:46:56): Opening rpy file C:\Users\Guilherme\Desktop\ES670_Paulo_Guilherme\Embarcados\Modelo_etapa2\ES670_Guilherme_Paulo_rpy\Cooler.sbs
07, 01, 2017 (19:46:56): 
 Started loading C:\Users\Guilherme\Desktop\ES670_Paulo_Guilherme\Embarcados\Modelo_etapa2\ES670_Guilherme_Paulo_rpy\Cooler.sbs on Saturday, July 01, 2017 (19:46:56).-

07, 01, 2017 (19:46:56): 

Starting inUnit resolution phase


07, 01, 2017 (19:46:56): 

Finished inUnit resolution phase


07, 01, 2017 (19:46:56): 
 Finished loading C:\Users\Guilherme\Desktop\ES670_Paulo_Guilherme\Embarcados\Modelo_etapa2\ES670_Guilherme_Paulo_rpy\Cooler.sbs on Saturday, July 01, 2017 (19:46:56).-

07, 01, 2017 (19:46:56): Opening rpy file C:\Users\Guilherme\Desktop\ES670_Paulo_Guilherme\Embarcados\Modelo_etapa2\ES670_Guilherme_Paulo_rpy\TimerCooler.sbs
07, 01, 2017 (19:46:56): 
 Started loading C:\Users\Guilherme\Desktop\ES670_Paulo_Guilherme\Embarcados\Modelo_etapa2\ES670_Guilherme_Paulo_rpy\TimerCooler.sbs on Saturday, July 01, 2017 (19:46:56).-

07, 01, 2017 (19:46:56): 

Starting inUnit resolution phase


07, 01, 2017 (19:46:56): 

Finished inUnit resolution phase


07, 01, 2017 (19:46:56): 
 Finished loading C:\Users\Guilherme\Desktop\ES670_Paulo_Guilherme\Embarcados\Modelo_etapa2\ES670_Guilherme_Paulo_rpy\TimerCooler.sbs on Saturday, July 01, 2017 (19:46:56).-

07, 01, 2017 (19:46:56): Opening rpy file C:\Users\Guilherme\Desktop\ES670_Paulo_Guilherme\Embarcados\Modelo_etapa2\ES670_Guilherme_Paulo_rpy\Adc.sbs
07, 01, 2017 (19:46:56): 
 Started loading C:\Users\Guilherme\Desktop\ES670_Paulo_Guilherme\Embarcados\Modelo_etapa2\ES670_Guilherme_Paulo_rpy\Adc.sbs on Saturday, July 01, 2017 (19:46:56).-

07, 01, 2017 (19:46:56): 

Starting inUnit resolution phase


07, 01, 2017 (19:46:56): 

Finished inUnit resolution phase


07, 01, 2017 (19:46:56): 
 Finished loading C:\Users\Guilherme\Desktop\ES670_Paulo_Guilherme\Embarcados\Modelo_etapa2\ES670_Guilherme_Paulo_rpy\Adc.sbs on Saturday, July 01, 2017 (19:46:56).-

07, 01, 2017 (19:46:56): Opening rpy file C:\Users\Guilherme\Desktop\ES670_Paulo_Guilherme\Embarcados\Modelo_etapa2\ES670_Guilherme_Paulo_rpy\Heater.sbs
07, 01, 2017 (19:46:56): 
 Started loading C:\Users\Guilherme\Desktop\ES670_Paulo_Guilherme\Embarcados\Modelo_etapa2\ES670_Guilherme_Paulo_rpy\Heater.sbs on Saturday, July 01, 2017 (19:46:56).-

07, 01, 2017 (19:46:56): 

Starting inUnit resolution phase


07, 01, 2017 (19:46:56): 

Finished inUnit resolution phase


07, 01, 2017 (19:46:56): 
 Finished loading C:\Users\Guilherme\Desktop\ES670_Paulo_Guilherme\Embarcados\Modelo_etapa2\ES670_Guilherme_Paulo_rpy\Heater.sbs on Saturday, July 01, 2017 (19:46:56).-

07, 01, 2017 (19:46:56): Opening rpy file C:\Users\Guilherme\Desktop\ES670_Paulo_Guilherme\Embarcados\Modelo_etapa2\ES670_Guilherme_Paulo_rpy\PID.sbs
07, 01, 2017 (19:46:56): 
 Started loading C:\Users\Guilherme\Desktop\ES670_Paulo_Guilherme\Embarcados\Modelo_etapa2\ES670_Guilherme_Paulo_rpy\PID.sbs on Saturday, July 01, 2017 (19:46:56).-

07, 01, 2017 (19:46:56): 

Starting inUnit resolution phase


07, 01, 2017 (19:46:56): 

Finished inUnit resolution phase


07, 01, 2017 (19:46:57): 
 Finished loading C:\Users\Guilherme\Desktop\ES670_Paulo_Guilherme\Embarcados\Modelo_etapa2\ES670_Guilherme_Paulo_rpy\PID.sbs on Saturday, July 01, 2017 (19:46:57).-

07, 01, 2017 (19:46:57): Opening rpy file C:\Users\Guilherme\Desktop\ES670_Paulo_Guilherme\Embarcados\Modelo_etapa2\ES670_Guilherme_Paulo_rpy\DefaultComponent.cmp
07, 01, 2017 (19:46:57): 
 Started loading C:\Users\Guilherme\Desktop\ES670_Paulo_Guilherme\Embarcados\Modelo_etapa2\ES670_Guilherme_Paulo_rpy\DefaultComponent.cmp on Saturday, July 01, 2017 (19:46:57).-

07, 01, 2017 (19:46:57): 

Starting inUnit resolution phase


07, 01, 2017 (19:46:57): 

Finished inUnit resolution phase


07, 01, 2017 (19:46:57): 
 Finished loading C:\Users\Guilherme\Desktop\ES670_Paulo_Guilherme\Embarcados\Modelo_etapa2\ES670_Guilherme_Paulo_rpy\DefaultComponent.cmp on Saturday, July 01, 2017 (19:46:57).-

07, 01, 2017 (19:46:57): 

Starting inUnit resolution phase


07, 01, 2017 (19:46:57): 

Finished inUnit resolution phase


07, 01, 2017 (19:46:57): 

Starting inUnit resolution phase


07, 01, 2017 (19:46:57): 

Finished inUnit resolution phase


07, 01, 2017 (19:46:57): 

Starting inUnit resolution phase


07, 01, 2017 (19:46:57): 

Finished inUnit resolution phase


07, 01, 2017 (19:46:57): 
 Finished loading C:\Users\Guilherme\Desktop\ES670_Paulo_Guilherme\Embarcados\Modelo_etapa2\ES670_Guilherme_Paulo.rpy on Saturday, July 01, 2017 (19:46:57).-

07, 01, 2017 (19:46:57): Starting checks of EventsBaseID conflicts
07, 01, 2017 (19:46:57): Finished checks of EventsBaseID conflicts
07, 01, 2017 (19:46:57): End Log
