06, 02, 2017 (00:26:41): File C:\Users\paulo\Desktop\Embarcados\Modelo_etapa2\ES670_Guilherme_Paulo.rpw 
 Error (line 149) - Failed to find end object ( } )


06, 02, 2017 (00:26:41): File C:\Users\paulo\Desktop\Embarcados\Modelo_etapa2\ES670_Guilherme_Paulo.rpw 
 Error (line 150) - Found unexpected or superfluous object. 


06, 02, 2017 (00:26:41): File C:\Users\paulo\Desktop\Embarcados\Modelo_etapa2\ES670_Guilherme_Paulo.rpw 
 Error (line 180) - Missing start attribute token (-)


06, 02, 2017 (00:26:41): File C:\Users\paulo\Desktop\Embarcados\Modelo_etapa2\ES670_Guilherme_Paulo.rpw 
 Error (line 180) -  Aborting object


06, 02, 2017 (00:26:41): File C:\Users\paulo\Desktop\Embarcados\Modelo_etapa2\ES670_Guilherme_Paulo.rpw 
 Error (line 180) - Found unexpected or superfluous attribute value. 


06, 02, 2017 (00:26:41): File C:\Users\paulo\Desktop\Embarcados\Modelo_etapa2\ES670_Guilherme_Paulo.rpw 
 Error (line 182) - Found unexpected or superfluous Attribute _fullName. 


06, 02, 2017 (00:26:41): File C:\Users\paulo\Desktop\Embarcados\Modelo_etapa2\ES670_Guilherme_Paulo.rpw 
 Error (line 184) - Found unexpected or superfluous Attribute m_SearchScopeList. 


06, 02, 2017 (00:26:41): File C:\Users\paulo\Desktop\Embarcados\Modelo_etapa2\ES670_Guilherme_Paulo.rpw 
 Error (line 188) - Found unexpected or superfluous Attribute m_favoritesTree. 


06, 02, 2017 (00:26:41): File C:\Users\paulo\Desktop\Embarcados\Modelo_etapa2\ES670_Guilherme_Paulo.rpw 
 Error (line 189) - count is not a registered class in IRPYObjectBroker

06, 02, 2017 (00:26:41): File C:\Users\paulo\Desktop\Embarcados\Modelo_etapa2\ES670_Guilherme_Paulo.rpw 
 Error (line 189) - Found unexpected or superfluous attribute value. 


06, 02, 2017 (00:26:41): File C:\Users\paulo\Desktop\Embarcados\Modelo_etapa2\ES670_Guilherme_Paulo.rpw 
 Error (line 190) - Found unexpected or superfluous object. 


06, 02, 2017 (00:26:41): File C:\Users\paulo\Desktop\Embarcados\Modelo_etapa2\ES670_Guilherme_Paulo.rpw 
 Error (line 190) - Failed to find object type


06, 02, 2017 (00:26:41): File C:\Users\paulo\Desktop\Embarcados\Modelo_etapa2\ES670_Guilherme_Paulo.rpw 
 Error (line 190) - Found unexpected or superfluous Attribute favoritesItem. 


06, 02, 2017 (00:26:41): File C:\Users\paulo\Desktop\Embarcados\Modelo_etapa2\ES670_Guilherme_Paulo.rpw 
 Error (line 191) - Missing rpyAAttrName2Value in unknown attribute


06, 02, 2017 (00:26:41): File C:\Users\paulo\Desktop\Embarcados\Modelo_etapa2\ES670_Guilherme_Paulo.rpw 
 Error (line 191) - Found unexpected or superfluous attribute value. 


06, 02, 2017 (00:26:41): File C:\Users\paulo\Desktop\Embarcados\Modelo_etapa2\ES670_Guilherme_Paulo.rpw 
 Error (line 192) - Found unexpected or superfluous attribute value. 


06, 02, 2017 (00:26:41): File C:\Users\paulo\Desktop\Embarcados\Modelo_etapa2\ES670_Guilherme_Paulo.rpw 
 Error (line 193) - Found unexpected or superfluous attribute value. 


06, 02, 2017 (00:26:41): File C:\Users\paulo\Desktop\Embarcados\Modelo_etapa2\ES670_Guilherme_Paulo.rpw 
 Error (line 198) - Attempt to read a token past end of file


06, 02, 2017 (00:26:41): File C:\Users\paulo\Desktop\Embarcados\Modelo_etapa2\ES670_Guilherme_Paulo.rpw 
 Error (line 198) - Attempt to read a token past end of file


06, 02, 2017 (00:26:41): File C:\Users\paulo\Desktop\Embarcados\Modelo_etapa2\ES670_Guilherme_Paulo.rpw 
 Error (line 198) - Attempt to read a token past end of file


06, 02, 2017 (00:26:41): File C:\Users\paulo\Desktop\Embarcados\Modelo_etapa2\ES670_Guilherme_Paulo.rpw 
 Error (line 198) - Attempt to read a token past end of file


06, 02, 2017 (00:26:41): File C:\Users\paulo\Desktop\Embarcados\Modelo_etapa2\ES670_Guilherme_Paulo.rpw 
 Error (line 198) - Attempt to read a token past end of file


06, 02, 2017 (00:26:41): File C:\Users\paulo\Desktop\Embarcados\Modelo_etapa2\ES670_Guilherme_Paulo.rpw 
 Error (line 198) - Attempt to read a token past end of file


06, 02, 2017 (00:26:41): File C:\Users\paulo\Desktop\Embarcados\Modelo_etapa2\ES670_Guilherme_Paulo.rpw 
 Error (line 198) - Attempt to read a token past end of file


06, 02, 2017 (00:26:41): File C:\Users\paulo\Desktop\Embarcados\Modelo_etapa2\ES670_Guilherme_Paulo.rpw 
 Error (line 198) - Attempt to read a token past end of file


06, 02, 2017 (00:26:41): File C:\Users\paulo\Desktop\Embarcados\Modelo_etapa2\ES670_Guilherme_Paulo.rpw 
 Error (line 198) - Attempt to read a token past end of file


06, 02, 2017 (00:26:43): File C:\Users\paulo\Desktop\Embarcados\Modelo_etapa2\ES670_Guilherme_Paulo.rpw 
 Error (line 149) - Failed to find end object ( } )


06, 02, 2017 (00:26:43): File C:\Users\paulo\Desktop\Embarcados\Modelo_etapa2\ES670_Guilherme_Paulo.rpw 
 Error (line 150) - Found unexpected or superfluous object. 


06, 02, 2017 (00:26:43): File C:\Users\paulo\Desktop\Embarcados\Modelo_etapa2\ES670_Guilherme_Paulo.rpw 
 Error (line 180) - Missing start attribute token (-)


06, 02, 2017 (00:26:43): File C:\Users\paulo\Desktop\Embarcados\Modelo_etapa2\ES670_Guilherme_Paulo.rpw 
 Error (line 180) -  Aborting object


06, 02, 2017 (00:26:43): File C:\Users\paulo\Desktop\Embarcados\Modelo_etapa2\ES670_Guilherme_Paulo.rpw 
 Error (line 180) - Found unexpected or superfluous attribute value. 


06, 02, 2017 (00:26:43): File C:\Users\paulo\Desktop\Embarcados\Modelo_etapa2\ES670_Guilherme_Paulo.rpw 
 Error (line 182) - Found unexpected or superfluous Attribute _fullName. 


06, 02, 2017 (00:26:43): File C:\Users\paulo\Desktop\Embarcados\Modelo_etapa2\ES670_Guilherme_Paulo.rpw 
 Error (line 184) - Found unexpected or superfluous Attribute m_SearchScopeList. 


06, 02, 2017 (00:26:43): File C:\Users\paulo\Desktop\Embarcados\Modelo_etapa2\ES670_Guilherme_Paulo.rpw 
 Error (line 188) - Found unexpected or superfluous Attribute m_favoritesTree. 


06, 02, 2017 (00:26:43): File C:\Users\paulo\Desktop\Embarcados\Modelo_etapa2\ES670_Guilherme_Paulo.rpw 
 Error (line 189) - count is not a registered class in IRPYObjectBroker

06, 02, 2017 (00:26:43): File C:\Users\paulo\Desktop\Embarcados\Modelo_etapa2\ES670_Guilherme_Paulo.rpw 
 Error (line 189) - Found unexpected or superfluous attribute value. 


06, 02, 2017 (00:26:43): File C:\Users\paulo\Desktop\Embarcados\Modelo_etapa2\ES670_Guilherme_Paulo.rpw 
 Error (line 190) - Found unexpected or superfluous object. 


06, 02, 2017 (00:26:43): File C:\Users\paulo\Desktop\Embarcados\Modelo_etapa2\ES670_Guilherme_Paulo.rpw 
 Error (line 190) - Failed to find object type


06, 02, 2017 (00:26:43): File C:\Users\paulo\Desktop\Embarcados\Modelo_etapa2\ES670_Guilherme_Paulo.rpw 
 Error (line 190) - Found unexpected or superfluous Attribute favoritesItem. 


06, 02, 2017 (00:26:43): File C:\Users\paulo\Desktop\Embarcados\Modelo_etapa2\ES670_Guilherme_Paulo.rpw 
 Error (line 191) - Missing rpyAAttrName2Value in unknown attribute


06, 02, 2017 (00:26:43): File C:\Users\paulo\Desktop\Embarcados\Modelo_etapa2\ES670_Guilherme_Paulo.rpw 
 Error (line 191) - Found unexpected or superfluous attribute value. 


06, 02, 2017 (00:26:43): File C:\Users\paulo\Desktop\Embarcados\Modelo_etapa2\ES670_Guilherme_Paulo.rpw 
 Error (line 192) - Found unexpected or superfluous attribute value. 


06, 02, 2017 (00:26:43): File C:\Users\paulo\Desktop\Embarcados\Modelo_etapa2\ES670_Guilherme_Paulo.rpw 
 Error (line 193) - Found unexpected or superfluous attribute value. 


06, 02, 2017 (00:26:43): File C:\Users\paulo\Desktop\Embarcados\Modelo_etapa2\ES670_Guilherme_Paulo.rpw 
 Error (line 198) - Attempt to read a token past end of file


06, 02, 2017 (00:26:43): File C:\Users\paulo\Desktop\Embarcados\Modelo_etapa2\ES670_Guilherme_Paulo.rpw 
 Error (line 198) - Attempt to read a token past end of file


06, 02, 2017 (00:26:43): File C:\Users\paulo\Desktop\Embarcados\Modelo_etapa2\ES670_Guilherme_Paulo.rpw 
 Error (line 198) - Attempt to read a token past end of file


06, 02, 2017 (00:26:43): File C:\Users\paulo\Desktop\Embarcados\Modelo_etapa2\ES670_Guilherme_Paulo.rpw 
 Error (line 198) - Attempt to read a token past end of file


06, 02, 2017 (00:26:43): File C:\Users\paulo\Desktop\Embarcados\Modelo_etapa2\ES670_Guilherme_Paulo.rpw 
 Error (line 198) - Attempt to read a token past end of file


06, 02, 2017 (00:26:43): File C:\Users\paulo\Desktop\Embarcados\Modelo_etapa2\ES670_Guilherme_Paulo.rpw 
 Error (line 198) - Attempt to read a token past end of file


06, 02, 2017 (00:26:43): File C:\Users\paulo\Desktop\Embarcados\Modelo_etapa2\ES670_Guilherme_Paulo.rpw 
 Error (line 198) - Attempt to read a token past end of file


06, 02, 2017 (00:26:43): File C:\Users\paulo\Desktop\Embarcados\Modelo_etapa2\ES670_Guilherme_Paulo.rpw 
 Error (line 198) - Attempt to read a token past end of file


06, 02, 2017 (00:26:43): File C:\Users\paulo\Desktop\Embarcados\Modelo_etapa2\ES670_Guilherme_Paulo.rpw 
 Error (line 198) - Attempt to read a token past end of file


