06, 30, 2017 (22:37:25): Starting Pre-Save actions

06, 30, 2017 (22:37:25): Starting Dialogs Check/Save
06, 30, 2017 (22:37:25): Finished Dialogs Check/Save
06, 30, 2017 (22:37:25): Starting Controlled Files Resolution
06, 30, 2017 (22:37:25): Finished Controlled Files Resolution
06, 30, 2017 (22:37:25): Finished Pre-Save actions

06, 30, 2017 (22:37:25): Creating C:\Users\aluno\Desktop\Es670_Paulo_Guilherme\Embarcados\Modelo_etapa2\ES670_Guilherme_Paulo.rpy
06, 30, 2017 (22:37:25): 
Started writing C:\Users\aluno\Desktop\Es670_Paulo_Guilherme\Embarcados\Modelo_etapa2\ES670_Guilherme_Paulo.rpy on Friday, June 30, 2017 (22:37:25)

06, 30, 2017 (22:37:25): version 8.5.2
06, 30, 2017 (22:37:25): 
Started writing C:\Users\aluno\Desktop\Es670_Paulo_Guilherme\Embarcados\Modelo_etapa2\ES670_Guilherme_Paulo_rpy\filesTable.dat on Friday, June 30, 2017 (22:37:25)

06, 30, 2017 (22:37:25): Finished writing C:\Users\aluno\Desktop\Es670_Paulo_Guilherme\Embarcados\Modelo_etapa2\ES670_Guilherme_Paulo_rpy\filesTable.dat on Friday, June 30, 2017 (22:37:25)

06, 30, 2017 (22:37:25): Creating C:\Users\aluno\Desktop\Es670_Paulo_Guilherme\Embarcados\Modelo_etapa2\ES670_Guilherme_Paulo_rpy\Main.sbs
06, 30, 2017 (22:37:25): 
Started writing C:\Users\aluno\Desktop\Es670_Paulo_Guilherme\Embarcados\Modelo_etapa2\ES670_Guilherme_Paulo_rpy\Main.sbs on Friday, June 30, 2017 (22:37:25)

06, 30, 2017 (22:37:25): version 8.5.2
06, 30, 2017 (22:37:25): Finished writing C:\Users\aluno\Desktop\Es670_Paulo_Guilherme\Embarcados\Modelo_etapa2\ES670_Guilherme_Paulo_rpy\Main.sbs on Friday, June 30, 2017 (22:37:25)

06, 30, 2017 (22:37:25): Creating C:\Users\aluno\Desktop\Es670_Paulo_Guilherme\Embarcados\Modelo_etapa2\ES670_Guilherme_Paulo_rpy\Projeto.sbs
06, 30, 2017 (22:37:25): 
Started writing C:\Users\aluno\Desktop\Es670_Paulo_Guilherme\Embarcados\Modelo_etapa2\ES670_Guilherme_Paulo_rpy\Projeto.sbs on Friday, June 30, 2017 (22:37:25)

06, 30, 2017 (22:37:25): version 8.5.2
06, 30, 2017 (22:37:25): Finished writing C:\Users\aluno\Desktop\Es670_Paulo_Guilherme\Embarcados\Modelo_etapa2\ES670_Guilherme_Paulo_rpy\Projeto.sbs on Friday, June 30, 2017 (22:37:25)

06, 30, 2017 (22:37:25): Creating C:\Users\aluno\Desktop\Es670_Paulo_Guilherme\Embarcados\Modelo_etapa2\ES670_Guilherme_Paulo_rpy\Cmdmachine.sbs
06, 30, 2017 (22:37:25): 
Started writing C:\Users\aluno\Desktop\Es670_Paulo_Guilherme\Embarcados\Modelo_etapa2\ES670_Guilherme_Paulo_rpy\Cmdmachine.sbs on Friday, June 30, 2017 (22:37:25)

06, 30, 2017 (22:37:25): version 8.5.2
06, 30, 2017 (22:37:25): Finished writing C:\Users\aluno\Desktop\Es670_Paulo_Guilherme\Embarcados\Modelo_etapa2\ES670_Guilherme_Paulo_rpy\Cmdmachine.sbs on Friday, June 30, 2017 (22:37:25)

06, 30, 2017 (22:37:25): Creating C:\Users\aluno\Desktop\Es670_Paulo_Guilherme\Embarcados\Modelo_etapa2\ES670_Guilherme_Paulo_rpy\PID.sbs
06, 30, 2017 (22:37:25): 
Started writing C:\Users\aluno\Desktop\Es670_Paulo_Guilherme\Embarcados\Modelo_etapa2\ES670_Guilherme_Paulo_rpy\PID.sbs on Friday, June 30, 2017 (22:37:25)

06, 30, 2017 (22:37:25): version 8.5.2
06, 30, 2017 (22:37:25): Finished writing C:\Users\aluno\Desktop\Es670_Paulo_Guilherme\Embarcados\Modelo_etapa2\ES670_Guilherme_Paulo_rpy\PID.sbs on Friday, June 30, 2017 (22:37:25)

06, 30, 2017 (22:37:25): Finished writing C:\Users\aluno\Desktop\Es670_Paulo_Guilherme\Embarcados\Modelo_etapa2\ES670_Guilherme_Paulo.rpy on Friday, June 30, 2017 (22:37:25)

06, 30, 2017 (22:37:25): End Log
